[01m[K/ros2_ws/src/my_ur6_control/src/custom_planner_node.cpp:[m[K In member function â€˜[01m[Kvoid UR5ePathPlannerNode::eeGoalCb(geometry_msgs::msg::PoseStamped_<std::allocator<void> >::SharedPtr)[m[Kâ€™:
[01m[K/ros2_ws/src/my_ur6_control/src/custom_planner_node.cpp:99:58:[m[K [01;31m[Kerror: [m[Kâ€˜[01m[Kusing _time_from_start_type = struct builtin_interfaces::msg::Duration_<std::allocator<void> >[m[Kâ€™ {aka â€˜[01m[Kstruct builtin_interfaces::msg::Duration_<std::allocator<void> >[m[Kâ€™} has no member named â€˜[01m[Kseconds[m[Kâ€™
   99 |     double final_t = traj_.points.back().time_from_start.[01;31m[Kseconds[m[K();
      |                                                          [01;31m[K^~~~~~~[m[K
gmake[2]: *** [CMakeFiles/custom_planner_node.dir/build.make:76: CMakeFiles/custom_planner_node.dir/src/custom_planner_node.cpp.o] Error 1
gmake[1]: *** [CMakeFiles/Makefile2:165: CMakeFiles/custom_planner_node.dir/all] Error 2
gmake: *** [Makefile:146: all] Error 2
