-- Found ament_cmake: 1.3.12 (/opt/ros/humble/share/ament_cmake/cmake)
-- Found rclcpp: 16.0.17 (/opt/ros/humble/share/rclcpp/cmake)
-- Found rosidl_generator_c: 3.1.8 (/opt/ros/humble/share/rosidl_generator_c/cmake)
-- Found rosidl_adapter: 3.1.8 (/opt/ros/humble/share/rosidl_adapter/cmake)
-- Found rosidl_generator_cpp: 3.1.8 (/opt/ros/humble/share/rosidl_generator_cpp/cmake)
-- Using all available rosidl_typesupport_c: rosidl_typesupport_fastrtps_c;rosidl_typesupport_introspection_c
-- Using all available rosidl_typesupport_cpp: rosidl_typesupport_fastrtps_cpp;rosidl_typesupport_introspection_cpp
-- Found rmw_implementation_cmake: 6.1.2 (/opt/ros/humble/share/rmw_implementation_cmake/cmake)
-- Found rmw_fastrtps_cpp: 6.2.9 (/opt/ros/humble/share/rmw_fastrtps_cpp/cmake)
-- Using RMW implementation 'rmw_fastrtps_cpp' as default
-- Found geometry_msgs: 4.9.0 (/opt/ros/humble/share/geometry_msgs/cmake)
-- Found trajectory_msgs: 4.9.0 (/opt/ros/humble/share/trajectory_msgs/cmake)
-- Found sensor_msgs: 4.9.0 (/opt/ros/humble/share/sensor_msgs/cmake)
-- Found moveit_msgs: 2.2.1 (/opt/ros/humble/share/moveit_msgs/cmake)
-- Found moveit_core: 2.5.9 (/opt/ros/humble/share/moveit_core/cmake)
-- Found Boost: /usr/lib/x86_64-linux-gnu/cmake/Boost-1.74.0/BoostConfig.cmake (found version "1.74.0") found components: chrono date_time filesystem iostreams program_options regex serialization system thread 
-- Found parameter_traits: 0.6.0 (/opt/ros/humble/share/parameter_traits/cmake)
-- Found rclcpp_lifecycle: 16.0.17 (/opt/ros/humble/share/rclcpp_lifecycle/cmake)
-- Found Boost: /usr/lib/x86_64-linux-gnu/cmake/Boost-1.74.0/BoostConfig.cmake (found version "1.74.0") found components: filesystem 
-- library: /usr/lib/x86_64-linux-gnu/libcurl.so
-- Ensuring Eigen3 include directory is part of orocos-kdl CMake target
-- Found moveit_ros_planning: 2.5.9 (/opt/ros/humble/share/moveit_ros_planning/cmake)
-- Found Boost: /usr/lib/x86_64-linux-gnu/cmake/Boost-1.74.0/BoostConfig.cmake (found version "1.74.0") found components: system filesystem date_time program_options thread chrono 
-- Found controller_interface: 2.53.0 (/opt/ros/humble/share/controller_interface/cmake)
-- Configuring done
-- Generating done
-- Build files have been written to: /ros2_ws/build/my_ur6_control
[35m[1mConsolidate compiler generated dependencies of target custom_planner_node[0m
[35m[1mConsolidate compiler generated dependencies of target my_ur6_control_force_controller[0m
[ 50%] Built target my_ur6_control_force_controller
[ 75%] [32mBuilding CXX object CMakeFiles/custom_planner_node.dir/src/custom_planner_node.cpp.o[0m
[01m[K/ros2_ws/src/my_ur6_control/src/custom_planner_node.cpp:[m[K In member function â€˜[01m[Kvoid UR5ePathPlannerNode::eeGoalCb(geometry_msgs::msg::PoseStamped_<std::allocator<void> >::SharedPtr)[m[Kâ€™:
[01m[K/ros2_ws/src/my_ur6_control/src/custom_planner_node.cpp:99:58:[m[K [01;31m[Kerror: [m[Kâ€˜[01m[Kusing _time_from_start_type = struct builtin_interfaces::msg::Duration_<std::allocator<void> >[m[Kâ€™ {aka â€˜[01m[Kstruct builtin_interfaces::msg::Duration_<std::allocator<void> >[m[Kâ€™} has no member named â€˜[01m[Kseconds[m[Kâ€™
   99 |     double final_t = traj_.points.back().time_from_start.[01;31m[Kseconds[m[K();
      |                                                          [01;31m[K^~~~~~~[m[K
gmake[2]: *** [CMakeFiles/custom_planner_node.dir/build.make:76: CMakeFiles/custom_planner_node.dir/src/custom_planner_node.cpp.o] Error 1
gmake[1]: *** [CMakeFiles/Makefile2:165: CMakeFiles/custom_planner_node.dir/all] Error 2
gmake: *** [Makefile:146: all] Error 2
